15:03:29 INFO  : Launching XSCT server: xsct -n  -interactive /home/rgalmazar/Documents/ECE520/FinalProject/520-Final-Project/software/temp_xsdb_launch_script.tcl
15:03:29 INFO  : Platform repository initialization has completed.
15:03:30 INFO  : Registering command handlers for Vitis TCF services
15:03:32 INFO  : XSCT server has started successfully.
15:03:32 INFO  : plnx-install-location is set to ''
15:03:32 INFO  : Successfully done setting XSCT server connection channel  
15:03:32 INFO  : Successfully done query RDI_DATADIR 
15:03:32 INFO  : Successfully done setting workspace for the tool. 
15:04:12 INFO  : Result from executing command 'getProjects': Final_Project_Platform
15:04:12 INFO  : Result from executing command 'getPlatforms': 
15:04:28 INFO  : Result from executing command 'getProjects': Final_Project_Platform
15:04:28 INFO  : Result from executing command 'getPlatforms': Final_Project_Platform|/home/rgalmazar/Documents/ECE520/FinalProject/520-Final-Project/software/Final_Project_Platform/export/Final_Project_Platform/Final_Project_Platform.xpfm
15:07:08 INFO  : Connected to target on host '127.0.0.1' and port '3121'.
15:07:09 INFO  : 'targets -set -filter {jtag_cable_name =~ "Digilent Zybo Z7 210351AB72D0A" && level==0 && jtag_device_ctx=="jsn-Zybo Z7-210351AB72D0A-13722093-0"}' command is executed.
15:07:10 INFO  : Device configured successfully with "/home/rgalmazar/Documents/ECE520/FinalProject/520-Final-Project/software/Final_Project_App/_ide/bitstream/Final_Project_BD_wrapper.bit"
15:07:31 INFO  : Result from executing command 'removePlatformRepo': 
15:07:46 INFO  : Result from executing command 'getProjects': Final_Project_Platform
15:07:46 INFO  : Result from executing command 'getPlatforms': 
15:07:49 INFO  : Checking for BSP changes to sync application flags for project 'Final_Project_App'...
15:08:07 INFO  : Connected to target on host '127.0.0.1' and port '3121'.
15:08:07 INFO  : 'targets -set -filter {jtag_cable_name =~ "Digilent Zybo Z7 210351AB72D0A" && level==0 && jtag_device_ctx=="jsn-Zybo Z7-210351AB72D0A-13722093-0"}' command is executed.
15:08:08 INFO  : Device configured successfully with "/home/rgalmazar/Documents/ECE520/FinalProject/520-Final-Project/software/Final_Project_App/_ide/bitstream/Final_Project_BD_wrapper.bit"
15:08:20 INFO  : Connected to target on host '127.0.0.1' and port '3121'.
15:08:20 INFO  : Jtag cable 'Digilent Zybo Z7 210351AB72D0A' is selected.
15:08:20 INFO  : 'jtag frequency' command is executed.
15:08:21 INFO  : Context for 'APU' is selected.
15:08:21 INFO  : System reset is completed.
15:08:24 INFO  : 'after 3000' command is executed.
15:08:24 INFO  : 'targets -set -filter {jtag_cable_name =~ "Digilent Zybo Z7 210351AB72D0A" && level==0 && jtag_device_ctx=="jsn-Zybo Z7-210351AB72D0A-13722093-0"}' command is executed.
15:08:25 INFO  : Device configured successfully with "/home/rgalmazar/Documents/ECE520/FinalProject/520-Final-Project/software/Final_Project_App/_ide/bitstream/Final_Project_BD_wrapper.bit"
15:08:25 INFO  : Context for 'APU' is selected.
15:08:25 INFO  : Hardware design and registers information is loaded from '/home/rgalmazar/Documents/ECE520/FinalProject/520-Final-Project/software/Final_Project_Platform/export/Final_Project_Platform/hw/Final_Project_BD_wrapper.xsa'.
15:08:25 INFO  : 'configparams force-mem-access 1' command is executed.
15:08:25 INFO  : Context for 'APU' is selected.
15:08:25 INFO  : Sourcing of '/home/rgalmazar/Documents/ECE520/FinalProject/520-Final-Project/software/Final_Project_App/_ide/psinit/ps7_init.tcl' is done.
15:08:26 INFO  : 'ps7_init' command is executed.
15:08:26 INFO  : 'ps7_post_config' command is executed.
15:08:26 INFO  : Context for processor 'ps7_cortexa9_0' is selected.
15:08:26 INFO  : The application '/home/rgalmazar/Documents/ECE520/FinalProject/520-Final-Project/software/Final_Project_App/Debug/Final_Project_App.elf' is downloaded to processor 'ps7_cortexa9_0'.
15:08:26 INFO  : 'configparams force-mem-access 0' command is executed.
15:08:26 INFO  : ----------------XSDB Script----------------
connect -url tcp:127.0.0.1:3121
targets -set -nocase -filter {name =~"APU*"}
rst -system
after 3000
targets -set -filter {jtag_cable_name =~ "Digilent Zybo Z7 210351AB72D0A" && level==0 && jtag_device_ctx=="jsn-Zybo Z7-210351AB72D0A-13722093-0"}
fpga -file /home/rgalmazar/Documents/ECE520/FinalProject/520-Final-Project/software/Final_Project_App/_ide/bitstream/Final_Project_BD_wrapper.bit
targets -set -nocase -filter {name =~"APU*"}
loadhw -hw /home/rgalmazar/Documents/ECE520/FinalProject/520-Final-Project/software/Final_Project_Platform/export/Final_Project_Platform/hw/Final_Project_BD_wrapper.xsa -mem-ranges [list {0x40000000 0xbfffffff}] -regs
configparams force-mem-access 1
targets -set -nocase -filter {name =~"APU*"}
source /home/rgalmazar/Documents/ECE520/FinalProject/520-Final-Project/software/Final_Project_App/_ide/psinit/ps7_init.tcl
ps7_init
ps7_post_config
targets -set -nocase -filter {name =~ "*A9*#0"}
dow /home/rgalmazar/Documents/ECE520/FinalProject/520-Final-Project/software/Final_Project_App/Debug/Final_Project_App.elf
configparams force-mem-access 0
----------------End of Script----------------

15:08:26 INFO  : Context for processor 'ps7_cortexa9_0' is selected.
15:08:26 INFO  : 'con' command is executed.
15:08:26 INFO  : ----------------XSDB Script (After Launch)----------------
targets -set -nocase -filter {name =~ "*A9*#0"}
con
----------------End of Script----------------

15:08:26 INFO  : Launch script is exported to file '/home/rgalmazar/Documents/ECE520/FinalProject/520-Final-Project/software/Final_Project_App_system/_ide/scripts/debugger_final_project_app-default.tcl'
15:09:16 INFO  : Disconnected from the channel tcfchan#2.
15:09:17 INFO  : Connected to target on host '127.0.0.1' and port '3121'.
15:09:17 INFO  : Jtag cable 'Digilent Zybo Z7 210351AB72D0A' is selected.
15:09:17 INFO  : 'jtag frequency' command is executed.
15:09:17 INFO  : Context for 'APU' is selected.
15:09:17 INFO  : System reset is completed.
15:09:20 INFO  : 'after 3000' command is executed.
15:09:20 INFO  : 'targets -set -filter {jtag_cable_name =~ "Digilent Zybo Z7 210351AB72D0A" && level==0 && jtag_device_ctx=="jsn-Zybo Z7-210351AB72D0A-13722093-0"}' command is executed.
15:09:22 INFO  : Device configured successfully with "/home/rgalmazar/Documents/ECE520/FinalProject/520-Final-Project/software/Final_Project_App/_ide/bitstream/Final_Project_BD_wrapper.bit"
15:09:22 INFO  : Context for 'APU' is selected.
15:09:22 INFO  : Hardware design and registers information is loaded from '/home/rgalmazar/Documents/ECE520/FinalProject/520-Final-Project/software/Final_Project_Platform/export/Final_Project_Platform/hw/Final_Project_BD_wrapper.xsa'.
15:09:22 INFO  : 'configparams force-mem-access 1' command is executed.
15:09:22 INFO  : Context for 'APU' is selected.
15:09:22 INFO  : Sourcing of '/home/rgalmazar/Documents/ECE520/FinalProject/520-Final-Project/software/Final_Project_App/_ide/psinit/ps7_init.tcl' is done.
15:09:22 INFO  : 'ps7_init' command is executed.
15:09:22 INFO  : 'ps7_post_config' command is executed.
15:09:22 INFO  : Context for processor 'ps7_cortexa9_0' is selected.
15:09:23 INFO  : The application '/home/rgalmazar/Documents/ECE520/FinalProject/520-Final-Project/software/Final_Project_App/Debug/Final_Project_App.elf' is downloaded to processor 'ps7_cortexa9_0'.
15:09:23 INFO  : 'configparams force-mem-access 0' command is executed.
15:09:23 INFO  : ----------------XSDB Script----------------
connect -url tcp:127.0.0.1:3121
targets -set -nocase -filter {name =~"APU*"}
rst -system
after 3000
targets -set -filter {jtag_cable_name =~ "Digilent Zybo Z7 210351AB72D0A" && level==0 && jtag_device_ctx=="jsn-Zybo Z7-210351AB72D0A-13722093-0"}
fpga -file /home/rgalmazar/Documents/ECE520/FinalProject/520-Final-Project/software/Final_Project_App/_ide/bitstream/Final_Project_BD_wrapper.bit
targets -set -nocase -filter {name =~"APU*"}
loadhw -hw /home/rgalmazar/Documents/ECE520/FinalProject/520-Final-Project/software/Final_Project_Platform/export/Final_Project_Platform/hw/Final_Project_BD_wrapper.xsa -mem-ranges [list {0x40000000 0xbfffffff}] -regs
configparams force-mem-access 1
targets -set -nocase -filter {name =~"APU*"}
source /home/rgalmazar/Documents/ECE520/FinalProject/520-Final-Project/software/Final_Project_App/_ide/psinit/ps7_init.tcl
ps7_init
ps7_post_config
targets -set -nocase -filter {name =~ "*A9*#0"}
dow /home/rgalmazar/Documents/ECE520/FinalProject/520-Final-Project/software/Final_Project_App/Debug/Final_Project_App.elf
configparams force-mem-access 0
----------------End of Script----------------

15:09:23 INFO  : Context for processor 'ps7_cortexa9_0' is selected.
15:09:23 INFO  : 'con' command is executed.
15:09:23 INFO  : ----------------XSDB Script (After Launch)----------------
targets -set -nocase -filter {name =~ "*A9*#0"}
con
----------------End of Script----------------

15:09:23 INFO  : Launch script is exported to file '/home/rgalmazar/Documents/ECE520/FinalProject/520-Final-Project/software/Final_Project_App_system/_ide/scripts/debugger_final_project_app-default.tcl'
15:12:06 INFO  : Checking for BSP changes to sync application flags for project 'Final_Project_App'...
15:12:24 INFO  : Disconnected from the channel tcfchan#6.
15:12:25 INFO  : Connected to target on host '127.0.0.1' and port '3121'.
15:12:34 INFO  : ----------------XSDB Script----------------
connect -url tcp:127.0.0.1:3121
----------------End of Script----------------

15:12:34 ERROR : Could not find ARM device on the board for connection 'Local'.
Check if the target is in:
1. Split JTAG - No operations are possible with ARM DAP.
2. Non JTAG bootmode - Bootrom may need time to enable DAP.
Please try again.


Troubleshooting hints:
1. Check whether board is connected to system properly.
2. In case of zynq board, check whether Digilent/Xilinx cable switch settings are correct.
3. If you are using Xilinx Platform Cable USB, ensure that status LED is green.
15:12:44 INFO  : Connected to target on host '127.0.0.1' and port '3121'.
15:12:44 INFO  : 'targets -set -filter {jtag_cable_name =~ "Digilent Zybo Z7 210351AB72D0A" && level==0 && jtag_device_ctx=="jsn-Zybo Z7-210351AB72D0A-13722093-0"}' command is executed.
15:12:45 INFO  : Device configured successfully with "/home/rgalmazar/Documents/ECE520/FinalProject/520-Final-Project/software/Final_Project_App/_ide/bitstream/Final_Project_BD_wrapper.bit"
15:12:52 INFO  : Connected to target on host '127.0.0.1' and port '3121'.
15:12:52 INFO  : Jtag cable 'Digilent Zybo Z7 210351AB72D0A' is selected.
15:12:52 INFO  : 'jtag frequency' command is executed.
15:12:52 INFO  : Context for 'APU' is selected.
15:12:53 INFO  : System reset is completed.
15:12:56 INFO  : 'after 3000' command is executed.
15:12:56 INFO  : 'targets -set -filter {jtag_cable_name =~ "Digilent Zybo Z7 210351AB72D0A" && level==0 && jtag_device_ctx=="jsn-Zybo Z7-210351AB72D0A-13722093-0"}' command is executed.
15:12:57 INFO  : Device configured successfully with "/home/rgalmazar/Documents/ECE520/FinalProject/520-Final-Project/software/Final_Project_App/_ide/bitstream/Final_Project_BD_wrapper.bit"
15:12:57 INFO  : Context for 'APU' is selected.
15:12:57 INFO  : Hardware design and registers information is loaded from '/home/rgalmazar/Documents/ECE520/FinalProject/520-Final-Project/software/Final_Project_Platform/export/Final_Project_Platform/hw/Final_Project_BD_wrapper.xsa'.
15:12:57 INFO  : 'configparams force-mem-access 1' command is executed.
15:12:57 INFO  : Context for 'APU' is selected.
15:12:57 INFO  : Sourcing of '/home/rgalmazar/Documents/ECE520/FinalProject/520-Final-Project/software/Final_Project_App/_ide/psinit/ps7_init.tcl' is done.
15:12:57 INFO  : 'ps7_init' command is executed.
15:12:57 INFO  : 'ps7_post_config' command is executed.
15:12:57 INFO  : Context for processor 'ps7_cortexa9_0' is selected.
15:12:58 INFO  : The application '/home/rgalmazar/Documents/ECE520/FinalProject/520-Final-Project/software/Final_Project_App/Debug/Final_Project_App.elf' is downloaded to processor 'ps7_cortexa9_0'.
15:12:58 INFO  : 'configparams force-mem-access 0' command is executed.
15:12:58 INFO  : ----------------XSDB Script----------------
connect -url tcp:127.0.0.1:3121
targets -set -nocase -filter {name =~"APU*"}
rst -system
after 3000
targets -set -filter {jtag_cable_name =~ "Digilent Zybo Z7 210351AB72D0A" && level==0 && jtag_device_ctx=="jsn-Zybo Z7-210351AB72D0A-13722093-0"}
fpga -file /home/rgalmazar/Documents/ECE520/FinalProject/520-Final-Project/software/Final_Project_App/_ide/bitstream/Final_Project_BD_wrapper.bit
targets -set -nocase -filter {name =~"APU*"}
loadhw -hw /home/rgalmazar/Documents/ECE520/FinalProject/520-Final-Project/software/Final_Project_Platform/export/Final_Project_Platform/hw/Final_Project_BD_wrapper.xsa -mem-ranges [list {0x40000000 0xbfffffff}] -regs
configparams force-mem-access 1
targets -set -nocase -filter {name =~"APU*"}
source /home/rgalmazar/Documents/ECE520/FinalProject/520-Final-Project/software/Final_Project_App/_ide/psinit/ps7_init.tcl
ps7_init
ps7_post_config
targets -set -nocase -filter {name =~ "*A9*#0"}
dow /home/rgalmazar/Documents/ECE520/FinalProject/520-Final-Project/software/Final_Project_App/Debug/Final_Project_App.elf
configparams force-mem-access 0
----------------End of Script----------------

15:12:58 INFO  : Context for processor 'ps7_cortexa9_0' is selected.
15:12:58 INFO  : 'con' command is executed.
15:12:58 INFO  : ----------------XSDB Script (After Launch)----------------
targets -set -nocase -filter {name =~ "*A9*#0"}
con
----------------End of Script----------------

15:12:58 INFO  : Launch script is exported to file '/home/rgalmazar/Documents/ECE520/FinalProject/520-Final-Project/software/Final_Project_App_system/_ide/scripts/systemdebugger_final_project_app_system_standalone.tcl'
15:18:29 INFO  : Disconnected from the channel tcfchan#8.
15:18:29 INFO  : Connected to target on host '127.0.0.1' and port '3121'.
15:18:29 INFO  : Jtag cable 'Digilent Zybo Z7 210351AB72D0A' is selected.
15:18:29 INFO  : 'jtag frequency' command is executed.
15:18:29 INFO  : Context for 'APU' is selected.
15:18:29 INFO  : System reset is completed.
15:18:32 INFO  : 'after 3000' command is executed.
15:18:32 INFO  : 'targets -set -filter {jtag_cable_name =~ "Digilent Zybo Z7 210351AB72D0A" && level==0 && jtag_device_ctx=="jsn-Zybo Z7-210351AB72D0A-13722093-0"}' command is executed.
15:18:34 INFO  : Device configured successfully with "/home/rgalmazar/Documents/ECE520/FinalProject/520-Final-Project/software/Final_Project_App/_ide/bitstream/Final_Project_BD_wrapper.bit"
15:18:34 INFO  : Context for 'APU' is selected.
15:18:34 INFO  : Hardware design and registers information is loaded from '/home/rgalmazar/Documents/ECE520/FinalProject/520-Final-Project/software/Final_Project_Platform/export/Final_Project_Platform/hw/Final_Project_BD_wrapper.xsa'.
15:18:34 INFO  : 'configparams force-mem-access 1' command is executed.
15:18:34 INFO  : Context for 'APU' is selected.
15:18:34 INFO  : Sourcing of '/home/rgalmazar/Documents/ECE520/FinalProject/520-Final-Project/software/Final_Project_App/_ide/psinit/ps7_init.tcl' is done.
15:18:34 INFO  : 'ps7_init' command is executed.
15:18:34 INFO  : 'ps7_post_config' command is executed.
15:18:34 INFO  : Context for processor 'ps7_cortexa9_0' is selected.
15:18:34 INFO  : The application '/home/rgalmazar/Documents/ECE520/FinalProject/520-Final-Project/software/Final_Project_App/Debug/Final_Project_App.elf' is downloaded to processor 'ps7_cortexa9_0'.
15:18:34 INFO  : 'configparams force-mem-access 0' command is executed.
15:18:34 INFO  : ----------------XSDB Script----------------
connect -url tcp:127.0.0.1:3121
targets -set -nocase -filter {name =~"APU*"}
rst -system
after 3000
targets -set -filter {jtag_cable_name =~ "Digilent Zybo Z7 210351AB72D0A" && level==0 && jtag_device_ctx=="jsn-Zybo Z7-210351AB72D0A-13722093-0"}
fpga -file /home/rgalmazar/Documents/ECE520/FinalProject/520-Final-Project/software/Final_Project_App/_ide/bitstream/Final_Project_BD_wrapper.bit
targets -set -nocase -filter {name =~"APU*"}
loadhw -hw /home/rgalmazar/Documents/ECE520/FinalProject/520-Final-Project/software/Final_Project_Platform/export/Final_Project_Platform/hw/Final_Project_BD_wrapper.xsa -mem-ranges [list {0x40000000 0xbfffffff}] -regs
configparams force-mem-access 1
targets -set -nocase -filter {name =~"APU*"}
source /home/rgalmazar/Documents/ECE520/FinalProject/520-Final-Project/software/Final_Project_App/_ide/psinit/ps7_init.tcl
ps7_init
ps7_post_config
targets -set -nocase -filter {name =~ "*A9*#0"}
dow /home/rgalmazar/Documents/ECE520/FinalProject/520-Final-Project/software/Final_Project_App/Debug/Final_Project_App.elf
configparams force-mem-access 0
----------------End of Script----------------

15:18:34 INFO  : Context for processor 'ps7_cortexa9_0' is selected.
15:18:35 INFO  : 'con' command is executed.
15:18:35 INFO  : ----------------XSDB Script (After Launch)----------------
targets -set -nocase -filter {name =~ "*A9*#0"}
con
----------------End of Script----------------

15:18:35 INFO  : Launch script is exported to file '/home/rgalmazar/Documents/ECE520/FinalProject/520-Final-Project/software/Final_Project_App_system/_ide/scripts/systemdebugger_final_project_app_system_standalone.tcl'
15:48:21 INFO  : Disconnected from the channel tcfchan#9.
15:48:22 INFO  : Connected to target on host '127.0.0.1' and port '3121'.
15:48:31 INFO  : ----------------XSDB Script----------------
connect -url tcp:127.0.0.1:3121
----------------End of Script----------------

15:48:31 ERROR : Could not find ARM device on the board for connection 'Local'.
Check if the target is in:
1. Split JTAG - No operations are possible with ARM DAP.
2. Non JTAG bootmode - Bootrom may need time to enable DAP.
Please try again.


Troubleshooting hints:
1. Check whether board is connected to system properly.
2. In case of zynq board, check whether Digilent/Xilinx cable switch settings are correct.
3. If you are using Xilinx Platform Cable USB, ensure that status LED is green.
15:48:46 INFO  : Connected to target on host '127.0.0.1' and port '3121'.
15:48:46 INFO  : 'targets -set -filter {jtag_cable_name =~ "Digilent Zybo Z7 210351AB72D0A" && level==0 && jtag_device_ctx=="jsn-Zybo Z7-210351AB72D0A-13722093-0"}' command is executed.
15:48:47 INFO  : Device configured successfully with "/home/rgalmazar/Documents/ECE520/FinalProject/520-Final-Project/software/Final_Project_App/_ide/bitstream/Final_Project_BD_wrapper.bit"
15:48:57 INFO  : Connected to target on host '127.0.0.1' and port '3121'.
15:48:57 INFO  : Jtag cable 'Digilent Zybo Z7 210351AB72D0A' is selected.
15:48:57 INFO  : 'jtag frequency' command is executed.
15:48:57 INFO  : Context for 'APU' is selected.
15:48:57 INFO  : System reset is completed.
15:49:00 INFO  : 'after 3000' command is executed.
15:49:00 INFO  : 'targets -set -filter {jtag_cable_name =~ "Digilent Zybo Z7 210351AB72D0A" && level==0 && jtag_device_ctx=="jsn-Zybo Z7-210351AB72D0A-13722093-0"}' command is executed.
15:49:02 INFO  : Device configured successfully with "/home/rgalmazar/Documents/ECE520/FinalProject/520-Final-Project/software/Final_Project_App/_ide/bitstream/Final_Project_BD_wrapper.bit"
15:49:02 INFO  : Context for 'APU' is selected.
15:49:02 INFO  : Hardware design and registers information is loaded from '/home/rgalmazar/Documents/ECE520/FinalProject/520-Final-Project/software/Final_Project_Platform/export/Final_Project_Platform/hw/Final_Project_BD_wrapper.xsa'.
15:49:02 INFO  : 'configparams force-mem-access 1' command is executed.
15:49:02 INFO  : Context for 'APU' is selected.
15:49:02 INFO  : Sourcing of '/home/rgalmazar/Documents/ECE520/FinalProject/520-Final-Project/software/Final_Project_App/_ide/psinit/ps7_init.tcl' is done.
15:49:02 INFO  : 'ps7_init' command is executed.
15:49:02 INFO  : 'ps7_post_config' command is executed.
15:49:02 INFO  : Context for processor 'ps7_cortexa9_0' is selected.
15:49:03 INFO  : The application '/home/rgalmazar/Documents/ECE520/FinalProject/520-Final-Project/software/Final_Project_App/Debug/Final_Project_App.elf' is downloaded to processor 'ps7_cortexa9_0'.
15:49:03 INFO  : 'configparams force-mem-access 0' command is executed.
15:49:03 INFO  : ----------------XSDB Script----------------
connect -url tcp:127.0.0.1:3121
targets -set -nocase -filter {name =~"APU*"}
rst -system
after 3000
targets -set -filter {jtag_cable_name =~ "Digilent Zybo Z7 210351AB72D0A" && level==0 && jtag_device_ctx=="jsn-Zybo Z7-210351AB72D0A-13722093-0"}
fpga -file /home/rgalmazar/Documents/ECE520/FinalProject/520-Final-Project/software/Final_Project_App/_ide/bitstream/Final_Project_BD_wrapper.bit
targets -set -nocase -filter {name =~"APU*"}
loadhw -hw /home/rgalmazar/Documents/ECE520/FinalProject/520-Final-Project/software/Final_Project_Platform/export/Final_Project_Platform/hw/Final_Project_BD_wrapper.xsa -mem-ranges [list {0x40000000 0xbfffffff}] -regs
configparams force-mem-access 1
targets -set -nocase -filter {name =~"APU*"}
source /home/rgalmazar/Documents/ECE520/FinalProject/520-Final-Project/software/Final_Project_App/_ide/psinit/ps7_init.tcl
ps7_init
ps7_post_config
targets -set -nocase -filter {name =~ "*A9*#0"}
dow /home/rgalmazar/Documents/ECE520/FinalProject/520-Final-Project/software/Final_Project_App/Debug/Final_Project_App.elf
configparams force-mem-access 0
----------------End of Script----------------

15:49:03 INFO  : Context for processor 'ps7_cortexa9_0' is selected.
15:49:03 INFO  : 'con' command is executed.
15:49:03 INFO  : ----------------XSDB Script (After Launch)----------------
targets -set -nocase -filter {name =~ "*A9*#0"}
con
----------------End of Script----------------

15:49:03 INFO  : Launch script is exported to file '/home/rgalmazar/Documents/ECE520/FinalProject/520-Final-Project/software/Final_Project_App_system/_ide/scripts/debugger_final_project_app-default.tcl'
